info it worked if it ends with ok
verbose cli [ 'node', '/home/tom/.nvm/v0.6.1/bin/npm', 'publish' ]
info using npm@1.0.105
info using node@v0.6.1
verbose config file /home/tom/.npmrc
verbose config file /home/tom/.nvm/v0.6.1/etc/npmrc
verbose config file /home/tom/.nvm/v0.6.1/lib/node_modules/npm/npmrc
verbose publish [ '.' ]
silly testEngine { author: 
silly testEngine    { name: 'Thomas Blobaum',
silly testEngine      email: 'tblobaum@gmail.com',
silly testEngine      url: 'https://github.com/tblobaum' },
silly testEngine   contributors: [ { name: 'Butu Kumar', url: 'https://github.com/butu5/' } ],
silly testEngine   name: 'pixel-tracker',
silly testEngine   description: 'a simple pixel tracker for node.js',
silly testEngine   version: '0.0.2',
silly testEngine   homepage: 'https://github.com/analytics-machine/pixel-tracker',
silly testEngine   repository: { url: '' },
silly testEngine   scripts: { test: 'node test/pixel-tracker.js' },
silly testEngine   engines: { node: '~0.6.x' },
silly testEngine   dependencies: { underscore: '~1.2.3', sequence: '~2.1.1' },
silly testEngine   devDependencies: { express: '~2.5.2', tap: '~0.0.5' },
silly testEngine   _npmUser: { name: 'tblobaum', email: 'tblobaum@gmail.com' },
silly testEngine   _id: 'pixel-tracker@0.0.2',
silly testEngine   _engineSupported: true,
silly testEngine   _npmVersion: '1.0.105',
silly testEngine   _nodeVersion: 'v0.6.1',
silly testEngine   _defaultsLoaded: true }
verbose caching /home/tom/Apps/pixel-tracker/package.json
verbose loadDefaults pixel-tracker@0.0.2
info prepublish pixel-tracker@0.0.2
verbose cache add [ '.', null ]
silly cache add: name, spec, args [ undefined, '.', [ '.', null ] ]
verbose parsed url { pathname: '.', path: '.', href: '.' }
silly testEngine { author: 
silly testEngine    { name: 'Thomas Blobaum',
silly testEngine      email: 'tblobaum@gmail.com',
silly testEngine      url: 'https://github.com/tblobaum' },
silly testEngine   contributors: [ { name: 'Butu Kumar', url: 'https://github.com/butu5/' } ],
silly testEngine   name: 'pixel-tracker',
silly testEngine   description: 'a simple pixel tracker for node.js',
silly testEngine   version: '0.0.2',
silly testEngine   homepage: 'https://github.com/analytics-machine/pixel-tracker',
silly testEngine   repository: { url: '' },
silly testEngine   scripts: { test: 'node test/pixel-tracker.js' },
silly testEngine   engines: { node: '~0.6.x' },
silly testEngine   dependencies: { underscore: '~1.2.3', sequence: '~2.1.1' },
silly testEngine   devDependencies: { express: '~2.5.2', tap: '~0.0.5' },
silly testEngine   _npmUser: { name: 'tblobaum', email: 'tblobaum@gmail.com' },
silly testEngine   _id: 'pixel-tracker@0.0.2',
silly testEngine   _engineSupported: true,
silly testEngine   _npmVersion: '1.0.105',
silly testEngine   _nodeVersion: 'v0.6.1',
silly testEngine   _defaultsLoaded: true,
silly testEngine   path: '/home/tom/Apps/pixel-tracker',
silly testEngine   bundleDependencies: [] }
verbose caching package.json
verbose loadDefaults pixel-tracker@0.0.2
verbose pack /home/tom/Apps/pixel-tracker /tmp/npm-1324696149851/1324696149851-0.9982038880698383/tmp.tgz
silly makeList /home/tom/Apps/pixel-tracker
verbose mkdir (expected) error ENOENT, no such file or directory '/tmp/npm-1324696149851'
verbose mkdir (expected) error ENOENT, no such file or directory '/tmp/npm-1324696149851/1324696149851-0.9982038880698383'
verbose mkdir done: /tmp/npm-1324696149851/1324696149851-0.9982038880698383 755
verbose mkdir'ed /tmp/npm-1324696149851/1324696149851-0.9982038880698383
verbose tar about to write tar and gzip it.
silly tar args [ '-czvf', '-', '-T', '-' ]
silly spawning [ 'tar', [ '-czvf', '-', '-T', '-' ], '/home/tom/Apps' ]
verbose mkdir (expected) error ENOENT, no such file or directory '/tmp/npm-1324696149851/1324696149851-0.9982038880698383/contents'
verbose mkdir (expected) error ENOENT, no such file or directory '/tmp/npm-1324696149851/1324696149851-0.9982038880698383/contents/___package.npm'
verbose mkdir done: /tmp/npm-1324696149851/1324696149851-0.9982038880698383/contents/___package.npm 755
verbose unpack_ uid, gid [ undefined, undefined ]
verbose unpackTarget /tmp/npm-1324696149851/1324696149851-0.9982038880698383/contents/package
silly gunzTarPerm modes [ '755', '644' ]
silly spawning [ 'tar',
silly spawning   [ '-zmvxpf',
silly spawning     '/tmp/npm-1324696149851/1324696149851-0.9982038880698383/tmp.tgz' ],
silly spawning   '/tmp/npm-1324696149851/1324696149851-0.9982038880698383/contents/___package.npm' ]
silly tar out pixel-tracker/.travis.yml
silly tar out pixel-tracker/package.json
silly tar out pixel-tracker/.gitignore
silly tar out pixel-tracker/readme.md
silly tar out pixel-tracker/index.js
silly tar out pixel-tracker/lib/pixel-tracker.js
silly tar out pixel-tracker/lib/pixel.gif
silly tar out pixel-tracker/test/pixel-tracker.js
silly tar exit 0
silly asyncMap in gTP /tmp/npm-1324696149851/1324696149851-0.9982038880698383/contents/___package.npm/pixel-tracker
silly asyncMap in gTP /tmp/npm-1324696149851/1324696149851-0.9982038880698383/contents/___package.npm/pixel-tracker/.travis.yml
silly asyncMap in gTP /tmp/npm-1324696149851/1324696149851-0.9982038880698383/contents/___package.npm/pixel-tracker/package.json
silly asyncMap in gTP /tmp/npm-1324696149851/1324696149851-0.9982038880698383/contents/___package.npm/pixel-tracker/.gitignore
silly asyncMap in gTP /tmp/npm-1324696149851/1324696149851-0.9982038880698383/contents/___package.npm/pixel-tracker/readme.md
silly asyncMap in gTP /tmp/npm-1324696149851/1324696149851-0.9982038880698383/contents/___package.npm/pixel-tracker/index.js
silly asyncMap in gTP /tmp/npm-1324696149851/1324696149851-0.9982038880698383/contents/___package.npm/pixel-tracker/lib
silly asyncMap in gTP /tmp/npm-1324696149851/1324696149851-0.9982038880698383/contents/___package.npm/pixel-tracker/lib/pixel-tracker.js
silly asyncMap in gTP /tmp/npm-1324696149851/1324696149851-0.9982038880698383/contents/___package.npm/pixel-tracker/lib/pixel.gif
silly asyncMap in gTP /tmp/npm-1324696149851/1324696149851-0.9982038880698383/contents/___package.npm/pixel-tracker/test
silly asyncMap in gTP /tmp/npm-1324696149851/1324696149851-0.9982038880698383/contents/___package.npm/pixel-tracker/test/pixel-tracker.js
silly chmod pixel-tracker 755
silly chmod .travis.yml 644
silly chmod package.json 644
silly chmod .gitignore 644
silly chmod readme.md 644
silly chmod index.js 644
silly chmod lib 755
silly chmod pixel-tracker.js 644
silly chmod pixel.gif 644
silly chmod test 755
silly chmod pixel-tracker.js 644
verbose gunzed /tmp/npm-1324696149851/1324696149851-0.9982038880698383/contents/___package.npm/pixel-tracker
verbose rm'ed /tmp/npm-1324696149851/1324696149851-0.9982038880698383/contents/package
verbose renamed [ '/tmp/npm-1324696149851/1324696149851-0.9982038880698383/contents/___package.npm/pixel-tracker',
verbose renamed   '/tmp/npm-1324696149851/1324696149851-0.9982038880698383/contents/package' ]
silly testEngine { author: 
silly testEngine    { name: 'Thomas Blobaum',
silly testEngine      email: 'tblobaum@gmail.com',
silly testEngine      url: 'https://github.com/tblobaum' },
silly testEngine   contributors: [ { name: 'Butu Kumar', url: 'https://github.com/butu5/' } ],
silly testEngine   name: 'pixel-tracker',
silly testEngine   description: 'a simple pixel tracker for node.js',
silly testEngine   version: '0.0.2',
silly testEngine   homepage: 'https://github.com/analytics-machine/pixel-tracker',
silly testEngine   repository: { url: '' },
silly testEngine   scripts: { test: 'node test/pixel-tracker.js' },
silly testEngine   engines: { node: '~0.6.x' },
silly testEngine   dependencies: { underscore: '~1.2.3', sequence: '~2.1.1' },
silly testEngine   devDependencies: { express: '~2.5.2', tap: '~0.0.5' },
silly testEngine   _npmUser: { name: 'tblobaum', email: 'tblobaum@gmail.com' },
silly testEngine   _id: 'pixel-tracker@0.0.2',
silly testEngine   _engineSupported: true,
silly testEngine   _npmVersion: '1.0.105',
silly testEngine   _nodeVersion: 'v0.6.1',
silly testEngine   _defaultsLoaded: true,
silly testEngine   path: '/tmp/npm-1324696149851/1324696149851-0.9982038880698383/contents/package' }
verbose caching /tmp/npm-1324696149851/1324696149851-0.9982038880698383/contents/package/package.json
verbose loadDefaults pixel-tracker@0.0.2
verbose tarball contents [ 'package' ]
verbose from cache /tmp/npm-1324696149851/1324696149851-0.9982038880698383/contents/package/package.json
verbose pack /tmp/npm-1324696149851/1324696149851-0.9982038880698383/contents/package /home/tom/.npm/pixel-tracker/0.0.2/package.tgz
silly makeList /tmp/npm-1324696149851/1324696149851-0.9982038880698383/contents/package
verbose mkdir'ed /home/tom/.npm/pixel-tracker/0.0.2
verbose tar about to write tar and gzip it.
silly tar args [ '-czvf', '-', '-T', '-' ]
silly spawning [ 'tar',
silly spawning   [ '-czvf', '-', '-T', '-' ],
silly spawning   '/tmp/npm-1324696149851/1324696149851-0.9982038880698383/contents' ]
verbose mkdir (expected) error ENOENT, no such file or directory '/home/tom/.npm/pixel-tracker/0.0.2/___package.npm'
verbose mkdir done: /home/tom/.npm/pixel-tracker/0.0.2/___package.npm 755
verbose unpack_ uid, gid [ undefined, undefined ]
verbose unpackTarget /home/tom/.npm/pixel-tracker/0.0.2/package
silly gunzTarPerm modes [ '755', '644' ]
silly spawning [ 'tar',
silly spawning   [ '-zmvxpf', '/home/tom/.npm/pixel-tracker/0.0.2/package.tgz' ],
silly spawning   '/home/tom/.npm/pixel-tracker/0.0.2/___package.npm' ]
silly tar out package/.travis.yml
silly tar out package/package.json
silly tar out package/.gitignore
silly tar out package/readme.md
silly tar out package/index.js
silly tar out package/lib/pixel-tracker.js
silly tar out package/lib/pixel.gif
silly tar out package/test/pixel-tracker.js
silly tar exit 0
silly asyncMap in gTP /home/tom/.npm/pixel-tracker/0.0.2/___package.npm/package
silly asyncMap in gTP /home/tom/.npm/pixel-tracker/0.0.2/___package.npm/package/.travis.yml
silly asyncMap in gTP /home/tom/.npm/pixel-tracker/0.0.2/___package.npm/package/package.json
silly asyncMap in gTP /home/tom/.npm/pixel-tracker/0.0.2/___package.npm/package/.gitignore
silly asyncMap in gTP /home/tom/.npm/pixel-tracker/0.0.2/___package.npm/package/readme.md
silly asyncMap in gTP /home/tom/.npm/pixel-tracker/0.0.2/___package.npm/package/index.js
silly asyncMap in gTP /home/tom/.npm/pixel-tracker/0.0.2/___package.npm/package/lib
silly asyncMap in gTP /home/tom/.npm/pixel-tracker/0.0.2/___package.npm/package/lib/pixel-tracker.js
silly asyncMap in gTP /home/tom/.npm/pixel-tracker/0.0.2/___package.npm/package/lib/pixel.gif
silly asyncMap in gTP /home/tom/.npm/pixel-tracker/0.0.2/___package.npm/package/test
silly asyncMap in gTP /home/tom/.npm/pixel-tracker/0.0.2/___package.npm/package/test/pixel-tracker.js
silly chmod package 755
silly chmod lib 755
silly chmod test 755
verbose gunzed /home/tom/.npm/pixel-tracker/0.0.2/___package.npm/package
verbose rm'ed /home/tom/.npm/pixel-tracker/0.0.2/package
verbose renamed [ '/home/tom/.npm/pixel-tracker/0.0.2/___package.npm/package',
verbose renamed   '/home/tom/.npm/pixel-tracker/0.0.2/package' ]
silly testEngine { author: 
silly testEngine    { name: 'Thomas Blobaum',
silly testEngine      email: 'tblobaum@gmail.com',
silly testEngine      url: 'https://github.com/tblobaum' },
silly testEngine   contributors: [ { name: 'Butu Kumar', url: 'https://github.com/butu5/' } ],
silly testEngine   name: 'pixel-tracker',
silly testEngine   description: 'a simple pixel tracker for node.js',
silly testEngine   version: '0.0.2',
silly testEngine   homepage: 'https://github.com/analytics-machine/pixel-tracker',
silly testEngine   repository: { url: '' },
silly testEngine   scripts: { test: 'node test/pixel-tracker.js' },
silly testEngine   engines: { node: '~0.6.x' },
silly testEngine   dependencies: { underscore: '~1.2.3', sequence: '~2.1.1' },
silly testEngine   devDependencies: { express: '~2.5.2', tap: '~0.0.5' },
silly testEngine   _npmUser: { name: 'tblobaum', email: 'tblobaum@gmail.com' },
silly testEngine   _id: 'pixel-tracker@0.0.2',
silly testEngine   _engineSupported: true,
silly testEngine   _npmVersion: '1.0.105',
silly testEngine   _nodeVersion: 'v0.6.1',
silly testEngine   _defaultsLoaded: true,
silly testEngine   dist: 
silly testEngine    { shasum: '236f89ede469be8b61716074aeeb6d1a5a24b35b',
silly testEngine      tarball: 'http://registry.npmjs.org/pixel-tracker/-/pixel-tracker-0.0.2.tgz' } }
verbose caching /home/tom/.npm/pixel-tracker/0.0.2/package/package.json
verbose loadDefaults pixel-tracker@0.0.2
silly updated sha bytes 3108
info shasum 236f89ede469be8b61716074aeeb6d1a5a24b35b
info shasum /home/tom/.npm/pixel-tracker/0.0.2/package.tgz
verbose from cache /home/tom/.npm/pixel-tracker/0.0.2/package/package.json
verbose chmod /home/tom/.npm/pixel-tracker/0.0.2/package.tgz 644
verbose chown [ '/home/tom/.npm/pixel-tracker/0.0.2/package.tgz', 500, 500 ]
silly publish { author: 
silly publish    { name: 'Thomas Blobaum',
silly publish      email: 'tblobaum@gmail.com',
silly publish      url: 'https://github.com/tblobaum' },
silly publish   contributors: [ { name: 'Butu Kumar', url: 'https://github.com/butu5/' } ],
silly publish   name: 'pixel-tracker',
silly publish   description: 'a simple pixel tracker for node.js',
silly publish   version: '0.0.2',
silly publish   homepage: 'https://github.com/analytics-machine/pixel-tracker',
silly publish   repository: { url: '' },
silly publish   scripts: { test: 'node test/pixel-tracker.js' },
silly publish   engines: { node: '~0.6.x' },
silly publish   dependencies: { underscore: '~1.2.3', sequence: '~2.1.1' },
silly publish   devDependencies: { express: '~2.5.2', tap: '~0.0.5' },
silly publish   _npmUser: { name: 'tblobaum', email: 'tblobaum@gmail.com' },
silly publish   _id: 'pixel-tracker@0.0.2',
silly publish   _engineSupported: true,
silly publish   _npmVersion: '1.0.105',
silly publish   _nodeVersion: 'v0.6.1',
silly publish   _defaultsLoaded: true,
silly publish   dist: 
silly publish    { shasum: '236f89ede469be8b61716074aeeb6d1a5a24b35b',
silly publish      tarball: 'http://registry.npmjs.org/pixel-tracker/-/pixel-tracker-0.0.2.tgz' } }
verbose PUT pixel-tracker
verbose raw, before any munging pixel-tracker
verbose url resolving [ 'https://registry.npmjs.org/', './pixel-tracker' ]
verbose url resolved https://registry.npmjs.org/pixel-tracker
verbose GET pixel-tracker
verbose raw, before any munging pixel-tracker
verbose url resolving [ 'https://registry.npmjs.org/', './pixel-tracker' ]
verbose url resolved https://registry.npmjs.org/pixel-tracker
info Already published pixel-tracker@0.0.2
verbose uploading bin dists []
ERR! publish fail Cannot publish over existing version.
ERR! publish fail Bump the 'version' field, set the --force flag, or
ERR! publish fail     npm unpublish 'pixel-tracker@0.0.2'
ERR! publish fail and try again
ERR! 
ERR! System Linux 2.6.41.4-1.fc15.i686
ERR! command "node" "/home/tom/.nvm/v0.6.1/bin/npm" "publish"
ERR! cwd /home/tom/Apps/pixel-tracker
ERR! node -v v0.6.1
ERR! npm -v 1.0.105
ERR! code EPUBLISHCONFLICT
verbose exit [ 1, true ]
